<?xml version="1.0" encoding="UTF-8"?>
<!-- Generated by org.testng.reporters.JUnitXMLReporter -->
<testsuite hostname="ASDW0109" name="Default test" tests="6" failures="0" timestamp="27 Jun 2018 10:25:21 GMT" time="14.069" errors="0">
  <testcase name="verifyBasicCourseSelection" time="0.268" classname="com.qait.com.qait.tatoc_maven.TatocTestMaven"/>
  <testcase name="verifyGreenBoxSelected" time="0.327" classname="com.qait.com.qait.tatoc_maven.TatocTestMaven"/>
  <testcase name="verifyBoxColorSame" time="1.354" classname="com.qait.com.qait.tatoc_maven.TatocTestMaven"/>
  <testcase name="verifyDragPerformed" time="0.428" classname="com.qait.com.qait.tatoc_maven.TatocTestMaven"/>
  <testcase name="verifyTextEnteredInPopupWindow" time="1.623" classname="com.qait.com.qait.tatoc_maven.TatocTestMaven"/>
  <testcase name="verifyCookieAdded" time="0.252" classname="com.qait.com.qait.tatoc_maven.TatocTestMaven"/>
</testsuite> <!-- Default test -->
