<?xml version="1.0" encoding="UTF-8"?>
<testng-results skipped="0" failed="0" total="6" passed="6">
  <reporter-output>
  </reporter-output>
  <suite name="Default suite" duration-ms="14069" started-at="2018-06-27T10:25:07Z" finished-at="2018-06-27T10:25:21Z">
    <groups>
    </groups>
    <test name="Default test" duration-ms="14069" started-at="2018-06-27T10:25:07Z" finished-at="2018-06-27T10:25:21Z">
      <class name="com.qait.com.qait.tatoc_maven.TatocTestMaven">
        <test-method status="PASS" signature="launchBrowser()[pri:0, instance:com.qait.com.qait.tatoc_maven.TatocTestMaven@5ae9a829]" name="launchBrowser" is-config="true" duration-ms="6979" started-at="2018-06-27T15:55:07Z" finished-at="2018-06-27T15:55:14Z">
          <reporter-output>
          </reporter-output>
        </test-method> <!-- launchBrowser -->
        <test-method status="PASS" signature="verifyBasicCourseSelection()[pri:0, instance:com.qait.com.qait.tatoc_maven.TatocTestMaven@5ae9a829]" name="verifyBasicCourseSelection" duration-ms="268" started-at="2018-06-27T15:55:14Z" finished-at="2018-06-27T15:55:14Z">
          <reporter-output>
          </reporter-output>
        </test-method> <!-- verifyBasicCourseSelection -->
        <test-method status="PASS" signature="verifyGreenBoxSelected()[pri:0, instance:com.qait.com.qait.tatoc_maven.TatocTestMaven@5ae9a829]" name="verifyGreenBoxSelected" duration-ms="327" started-at="2018-06-27T15:55:14Z" finished-at="2018-06-27T15:55:14Z">
          <reporter-output>
          </reporter-output>
        </test-method> <!-- verifyGreenBoxSelected -->
        <test-method status="PASS" signature="verifyBoxColorSame()[pri:0, instance:com.qait.com.qait.tatoc_maven.TatocTestMaven@5ae9a829]" name="verifyBoxColorSame" duration-ms="1354" started-at="2018-06-27T15:55:14Z" finished-at="2018-06-27T15:55:16Z">
          <reporter-output>
          </reporter-output>
        </test-method> <!-- verifyBoxColorSame -->
        <test-method status="PASS" signature="verifyDragPerformed()[pri:0, instance:com.qait.com.qait.tatoc_maven.TatocTestMaven@5ae9a829]" name="verifyDragPerformed" duration-ms="428" started-at="2018-06-27T15:55:16Z" finished-at="2018-06-27T15:55:16Z">
          <reporter-output>
          </reporter-output>
        </test-method> <!-- verifyDragPerformed -->
        <test-method status="PASS" signature="verifyTextEnteredInPopupWindow()[pri:0, instance:com.qait.com.qait.tatoc_maven.TatocTestMaven@5ae9a829]" name="verifyTextEnteredInPopupWindow" duration-ms="1623" started-at="2018-06-27T15:55:16Z" finished-at="2018-06-27T15:55:18Z">
          <reporter-output>
          </reporter-output>
        </test-method> <!-- verifyTextEnteredInPopupWindow -->
        <test-method status="PASS" signature="verifyCookieAdded()[pri:0, instance:com.qait.com.qait.tatoc_maven.TatocTestMaven@5ae9a829]" name="verifyCookieAdded" duration-ms="252" started-at="2018-06-27T15:55:18Z" finished-at="2018-06-27T15:55:18Z">
          <reporter-output>
          </reporter-output>
        </test-method> <!-- verifyCookieAdded -->
        <test-method status="PASS" signature="closeBrowser()[pri:0, instance:com.qait.com.qait.tatoc_maven.TatocTestMaven@5ae9a829]" name="closeBrowser" is-config="true" duration-ms="2830" started-at="2018-06-27T15:55:18Z" finished-at="2018-06-27T15:55:21Z">
          <reporter-output>
          </reporter-output>
        </test-method> <!-- closeBrowser -->
      </class> <!-- com.qait.com.qait.tatoc_maven.TatocTestMaven -->
    </test> <!-- Default test -->
  </suite> <!-- Default suite -->
</testng-results>
